2022-07-16 07:37:18,024 - root - INFO - getting perfil from minuto30
2022-07-16 07:37:27,528 - root - INFO - getting posts from minuto30
2022-07-16 08:39:43,250 - root - INFO - getting comments from minuto30 post CgDM3UVNkNp
2022-07-16 08:40:30,081 - root - INFO - getting comments from minuto30 post CgDIR3AltpF
2022-07-16 08:41:10,246 - root - INFO - getting comments from minuto30 post CgDDuAdrwsI
2022-07-16 08:41:53,367 - root - INFO - getting comments from minuto30 post CgDBd5wrGO7
2022-07-16 08:42:35,055 - root - INFO - getting comments from minuto30 post CgC_H6zLEFg
2022-07-16 08:43:21,006 - root - INFO - getting comments from minuto30 post CgC8rlJLqw1
2022-07-16 08:43:59,442 - root - INFO - getting comments from minuto30 post CgC6jFoPeHT
2022-07-16 08:44:34,894 - root - INFO - getting comments from minuto30 post CgC4Qa9hUak
2022-07-16 08:45:18,700 - root - INFO - getting comments from minuto30 post CgC1-ZDv9Dt
2022-07-16 08:45:55,560 - root - INFO - getting comments from minuto30 post CgChe6zBpdP
2022-07-16 08:46:33,577 - root - INFO - getting comments from minuto30 post CgCfGqcsfFm
2022-07-16 08:47:16,597 - root - INFO - getting comments from minuto30 post CgCdL8ys4wZ
2022-07-16 08:47:56,528 - root - INFO - getting comments from minuto30 post CgCaoCAsV2d
2022-07-16 08:48:41,753 - root - INFO - getting comments from minuto30 post CgCZ-Z-sCiT
2022-07-16 08:48:46,590 - root - ERROR - Login error: Unexpected response, this might indicate a blocked IP.
2022-07-16 08:48:46,590 - root - ERROR - dortiz334455
2022-07-16 08:49:24,303 - root - INFO - getting comments from minuto30 post CgCYWZ4Mm4Y
2022-07-16 08:50:04,763 - root - INFO - getting comments from minuto30 post CgCV66alHZP
2022-07-16 08:50:10,144 - root - ERROR - Login error: Unexpected response, this might indicate a blocked IP.
2022-07-16 08:50:10,144 - root - ERROR - monicaperez6500
2022-07-16 08:50:50,536 - root - INFO - getting comments from minuto30 post CgCToryFWok
2022-07-16 08:51:29,574 - root - INFO - getting comments from minuto30 post CgCRWFghPa9
2022-07-16 08:52:07,366 - root - INFO - getting comments from minuto30 post CgCPDuupF6U
2022-07-16 08:52:42,665 - root - INFO - getting comments from minuto30 post CgCMy1RrzC3
2022-07-16 08:53:39,995 - root - INFO - getting comments from minuto30 post CgAlyDzDCLR
2022-07-16 08:54:19,540 - root - INFO - getting comments from minuto30 post CgAi8QYtZUe
2022-07-16 08:54:22,440 - root - ERROR - Login error: Unexpected response, this might indicate a blocked IP.
2022-07-16 08:54:22,440 - root - ERROR - alejandro_diomedes_gomez
2022-07-16 08:54:25,795 - root - ERROR - Login error: Unexpected response, this might indicate a blocked IP.
2022-07-16 08:54:25,795 - root - ERROR - tellezalberto309
2022-07-16 08:54:27,818 - root - ERROR - Login error: Unexpected response, this might indicate a blocked IP.
2022-07-16 08:54:27,818 - root - ERROR - luisdaniel11123
2022-07-16 08:54:30,654 - root - ERROR - Login error: Unexpected response, this might indicate a blocked IP.
2022-07-16 08:54:30,654 - root - ERROR - maturanadaniela255
2022-07-16 08:55:11,937 - root - INFO - getting comments from minuto30 post CgAcpUNrcBB
2022-07-16 08:55:58,959 - root - INFO - getting comments from minuto30 post CgAaVt2LWZW
2022-07-16 08:56:36,094 - root - INFO - getting comments from minuto30 post CgAVyQFBjLE
2022-07-16 08:56:41,049 - root - ERROR - Login error: Unexpected response, this might indicate a blocked IP.
2022-07-16 08:56:41,049 - root - ERROR - fopusimilazici
2022-07-16 08:57:21,859 - root - INFO - getting comments from minuto30 post CgATeOCqdSE
2022-07-16 08:57:56,836 - root - INFO - getting comments from minuto30 post CgARK7bNMFu
2022-07-16 08:58:35,251 - root - INFO - getting comments from minuto30 post CgABK9gJuhW
2022-07-16 08:59:16,659 - root - INFO - getting comments from minuto30 post Cf_-4MCLG_r
2022-07-16 08:59:51,644 - root - INFO - getting comments from minuto30 post Cf_8loZsbAa
2022-07-16 08:59:57,918 - root - ERROR - Login error: Unexpected response, this might indicate a blocked IP.
2022-07-16 08:59:57,918 - root - ERROR - juancamilomastinez
